<?xml version="1.0" encoding="UTF-8"?>
<testng-results ignored="0" total="9" passed="9" failed="0" skipped="0">
  <reporter-output>
  </reporter-output>
  <suite started-at="2024-03-27T09:51:04 IST" name="Suite" finished-at="2024-03-27T09:52:01 IST" duration-ms="56685">
    <groups>
    </groups>
    <test started-at="2024-03-27T09:51:04 IST" name="ChromeTest" finished-at="2024-03-27T09:52:01 IST" duration-ms="56685">
      <class name="testCases.ServiceTest">
        <test-method is-config="true" signature="setup(java.lang.String)[pri:0, instance:testCases.ServiceTest@71d44a3]" started-at="2024-03-27T09:51:05 IST" name="setup" finished-at="2024-03-27T09:51:10 IST" duration-ms="5516" status="PASS">
          <params>
            <param index="0">
              <value>
                <![CDATA[chrome]]>
              </value>
            </param>
          </params>
          <reporter-output>
          </reporter-output>
        </test-method> <!-- setup -->
        <test-method signature="login()[pri:1, instance:testCases.ServiceTest@71d44a3]" started-at="2024-03-27T09:51:10 IST" name="login" finished-at="2024-03-27T09:51:18 IST" duration-ms="7965" status="PASS">
          <reporter-output>
          </reporter-output>
        </test-method> <!-- login -->
        <test-method signature="cases()[pri:2, instance:testCases.ServiceTest@71d44a3]" started-at="2024-03-27T09:51:18 IST" name="cases" finished-at="2024-03-27T09:51:24 IST" duration-ms="6086" status="PASS">
          <reporter-output>
          </reporter-output>
        </test-method> <!-- cases -->
        <test-method signature="casedetails()[pri:3, instance:testCases.ServiceTest@71d44a3]" started-at="2024-03-27T09:51:24 IST" name="casedetails" finished-at="2024-03-27T09:51:33 IST" duration-ms="8959" status="PASS">
          <reporter-output>
          </reporter-output>
        </test-method> <!-- casedetails -->
        <test-method signature="cloneCase()[pri:4, instance:testCases.ServiceTest@71d44a3]" started-at="2024-03-27T09:51:33 IST" name="cloneCase" finished-at="2024-03-27T09:51:39 IST" duration-ms="6076" status="PASS">
          <reporter-output>
          </reporter-output>
        </test-method> <!-- cloneCase -->
        <test-method signature="checkclone()[pri:5, instance:testCases.ServiceTest@71d44a3]" started-at="2024-03-27T09:51:39 IST" name="checkclone" finished-at="2024-03-27T09:51:39 IST" duration-ms="34" status="PASS">
          <reporter-output>
          </reporter-output>
        </test-method> <!-- checkclone -->
        <test-method signature="Escalate()[pri:6, instance:testCases.ServiceTest@71d44a3]" started-at="2024-03-27T09:51:39 IST" name="Escalate" finished-at="2024-03-27T09:51:43 IST" duration-ms="4121" status="PASS">
          <reporter-output>
          </reporter-output>
        </test-method> <!-- Escalate -->
        <test-method signature="checkStatus()[pri:7, instance:testCases.ServiceTest@71d44a3]" started-at="2024-03-27T09:51:43 IST" name="checkStatus" finished-at="2024-03-27T09:51:44 IST" duration-ms="52" status="PASS">
          <reporter-output>
          </reporter-output>
        </test-method> <!-- checkStatus -->
        <test-method signature="email()[pri:8, instance:testCases.ServiceTest@71d44a3]" started-at="2024-03-27T09:51:44 IST" name="email" finished-at="2024-03-27T09:51:57 IST" duration-ms="13363" status="PASS">
          <reporter-output>
          </reporter-output>
        </test-method> <!-- email -->
        <test-method signature="SLA()[pri:9, instance:testCases.ServiceTest@71d44a3]" started-at="2024-03-27T09:51:57 IST" name="SLA" finished-at="2024-03-27T09:51:59 IST" duration-ms="2342" status="PASS">
          <reporter-output>
          </reporter-output>
        </test-method> <!-- SLA -->
        <test-method is-config="true" signature="TearDown()[pri:0, instance:testCases.ServiceTest@71d44a3]" started-at="2024-03-27T09:51:59 IST" name="TearDown" finished-at="2024-03-27T09:52:01 IST" duration-ms="1891" status="PASS">
          <reporter-output>
          </reporter-output>
        </test-method> <!-- TearDown -->
      </class> <!-- testCases.ServiceTest -->
    </test> <!-- ChromeTest -->
  </suite> <!-- Suite -->
</testng-results>
